#! /opt/local/bin/vvp
:ivl_version "0.9.6 " "(v0_9_6)";
:vpi_time_precision + 0;
:vpi_module "system";
:vpi_module "v2005_math";
:vpi_module "va_math";
S_0x7fa13be00430 .scope module, "IF_ID" "IF_ID" 2 9;
 .timescale 0 0;
v0x7fa13be00520_0 .net "Hazard_stall_i", 0 0, C4<z>; 0 drivers
v0x7fa13be105c0_0 .var "addedPC", 31 0;
v0x7fa13be10650_0 .net "addedPC_i", 31 0, C4<zzzzzzzzzzzzzzzzzzzzzzzzzzzzzzzz>; 0 drivers
v0x7fa13be106d0_0 .var "addedPC_o", 31 0;
v0x7fa13be10760_0 .net "brench_i", 0 0, C4<z>; 0 drivers
v0x7fa13be10820_0 .net "clk_i", 0 0, C4<z>; 0 drivers
v0x7fa13be108b0_0 .var "inst", 31 0;
v0x7fa13be10970_0 .net "inst_i", 31 0, C4<zzzzzzzzzzzzzzzzzzzzzzzzzzzzzzzz>; 0 drivers
v0x7fa13be109f0_0 .var "inst_o", 31 0;
v0x7fa13be10ac0_0 .net "jump_i", 0 0, C4<z>; 0 drivers
E_0x7fa13be00020 .event negedge, v0x7fa13be10820_0;
E_0x7fa13be00050 .event posedge, v0x7fa13be10820_0;
    .scope S_0x7fa13be00430;
T_0 ;
    %wait E_0x7fa13be00050;
    %load/v 8, v0x7fa13be10650_0, 32;
    %ix/load 0, 32, 0;
    %assign/v0 v0x7fa13be105c0_0, 0, 8;
    %load/v 8, v0x7fa13be10970_0, 32;
    %ix/load 0, 32, 0;
    %assign/v0 v0x7fa13be108b0_0, 0, 8;
    %jmp T_0;
    .thread T_0;
    .scope S_0x7fa13be00430;
T_1 ;
    %wait E_0x7fa13be00020;
    %load/v 8, v0x7fa13be00520_0, 1;
    %cmpi/u 8, 0, 1;
    %mov 8, 4, 1;
    %load/v 9, v0x7fa13be10760_0, 1;
    %load/v 10, v0x7fa13be10ac0_0, 1;
    %or 9, 10, 1;
    %cmpi/u 9, 0, 1;
    %or 8, 4, 1;
    %jmp/0xz  T_1.0, 8;
    %ix/load 0, 32, 0;
    %assign/v0 v0x7fa13be106d0_0, 0, 0;
    %ix/load 0, 32, 0;
    %assign/v0 v0x7fa13be109f0_0, 0, 0;
    %jmp T_1.1;
T_1.0 ;
    %load/v 8, v0x7fa13be105c0_0, 32;
    %ix/load 0, 32, 0;
    %assign/v0 v0x7fa13be106d0_0, 0, 8;
    %load/v 8, v0x7fa13be108b0_0, 32;
    %ix/load 0, 32, 0;
    %assign/v0 v0x7fa13be109f0_0, 0, 8;
T_1.1 ;
    %jmp T_1;
    .thread T_1;
# The file index is used to find the file name in the following table.
:file_names 3;
    "N/A";
    "<interactive>";
    "IF_ID.v";
